<?xml version="1.0" encoding="UTF-8"?>
<testng-results ignored="0" total="2" passed="2" failed="0" skipped="0">
  <reporter-output>
  </reporter-output>
  <suite started-at="2023-05-05T12:39:52Z" name="All Test Suite" finished-at="2023-05-05T12:40:32Z" duration-ms="39323">
    <groups>
      <group name="cucumber">
        <method signature="AbstractTestNGCucumberTests.runScenario(io.cucumber.testng.PickleWrapper, io.cucumber.testng.FeatureWrapper)[pri:0, instance:runner.TestRunner@56de5251]" name="runScenario" class="io.cucumber.testng.AbstractTestNGCucumberTests"/>
      </group> <!-- cucumber -->
    </groups>
    <test started-at="2023-05-05T12:39:52Z" name="ANZAutomationTest" finished-at="2023-05-05T12:40:32Z" duration-ms="39323">
      <class name="runner.TestRunner">
        <test-method is-config="true" signature="setUpClass(org.testng.ITestContext)[pri:0, instance:runner.TestRunner@56de5251]" started-at="2023-05-05T18:09:52Z" name="setUpClass" finished-at="2023-05-05T18:09:53Z" duration-ms="672" status="PASS">
          <params>
            <param index="0">
              <value>
                <![CDATA[org.testng.TestRunner@38875e7d]]>
              </value>
            </param>
          </params>
          <reporter-output>
          </reporter-output>
        </test-method> <!-- setUpClass -->
        <test-method signature="runScenario(io.cucumber.testng.PickleWrapper, io.cucumber.testng.FeatureWrapper)[pri:0, instance:runner.TestRunner@56de5251]" started-at="2023-05-05T18:09:53Z" name="runScenario" description="Runs Cucumber Scenarios" data-provider="scenarios" finished-at="2023-05-05T18:10:28Z" duration-ms="34561" status="PASS">
          <params>
            <param index="0">
              <value>
                <![CDATA["Checking if Borrowing Amount is displayed"]]>
              </value>
            </param>
            <param index="1">
              <value>
                <![CDATA["Calculate How much I could borrow?"]]>
              </value>
            </param>
          </params>
          <reporter-output>
          </reporter-output>
        </test-method> <!-- runScenario -->
        <test-method signature="runScenario(io.cucumber.testng.PickleWrapper, io.cucumber.testng.FeatureWrapper)[pri:0, instance:runner.TestRunner@56de5251]" started-at="2023-05-05T18:09:53Z" name="runScenario" description="Runs Cucumber Scenarios" data-provider="scenarios" finished-at="2023-05-05T18:10:15Z" duration-ms="21512" status="PASS">
          <params>
            <param index="0">
              <value>
                <![CDATA["Checking if Borrowing estimate Error is displayed"]]>
              </value>
            </param>
            <param index="1">
              <value>
                <![CDATA["Calculate How much I could borrow?"]]>
              </value>
            </param>
          </params>
          <reporter-output>
          </reporter-output>
        </test-method> <!-- runScenario -->
        <test-method is-config="true" signature="tearDownClass()[pri:0, instance:runner.TestRunner@56de5251]" started-at="2023-05-05T18:10:28Z" name="tearDownClass" finished-at="2023-05-05T18:10:32Z" duration-ms="4070" status="PASS">
          <reporter-output>
          </reporter-output>
        </test-method> <!-- tearDownClass -->
      </class> <!-- runner.TestRunner -->
    </test> <!-- ANZAutomationTest -->
  </suite> <!-- All Test Suite -->
</testng-results>
