<?xml version="1.0" encoding="UTF-8"?>
<!-- Generated by org.testng.reporters.JUnitXMLReporter -->
<testsuite ignored="0" hostname="DESKTOP-UKG334R" failures="0" tests="2" name="ANZAutomationTest" time="39.323" errors="0" timestamp="05 May 2023 12:40:32 GMT">
  <testcase classname="io.cucumber.testng.AbstractTestNGCucumberTests" name="runScenario" time="21.512"/>
  <testcase classname="io.cucumber.testng.AbstractTestNGCucumberTests" name="runScenario" time="34.561"/>
</testsuite> <!-- ANZAutomationTest -->
