<?xml version="1.0" encoding="UTF-8"?>
<!-- Generated by org.testng.reporters.JUnitXMLReporter -->
<testsuite ignored="0" hostname="DESKTOP-UKG334R" failures="0" tests="2" name="ANZAutomationTest" time="18.679" errors="0" timestamp="02 May 2023 07:16:06 GMT">
  <testcase classname="io.cucumber.testng.AbstractTestNGCucumberTests" name="runScenario" time="10.569"/>
  <testcase classname="io.cucumber.testng.AbstractTestNGCucumberTests" name="runScenario" time="16.441"/>
</testsuite> <!-- ANZAutomationTest -->
